<?xml version="1.0" encoding="UTF-8"?>
<!-- Generated by org.testng.reporters.JUnitReportReporter -->
<testsuite hostname="LAPTOP-TEFCBM5F" failures="0" tests="1" name="DataDTesting.DataDrivenTesting" time="5.316" errors="0" timestamp="2023-01-21T22:23:23 IST" skipped="0">
  <testcase classname="DataDTesting.DataDrivenTesting" name="DDTesting" time="5.316"/>
  <system-out/>
</testsuite> <!-- DataDTesting.DataDrivenTesting -->
