<?xml version="1.0" encoding="UTF-8"?>
<!-- Generated by org.testng.reporters.JUnitReportReporter -->
<testsuite hostname="LAPTOP-TEFCBM5F" failures="0" tests="1" name="DataDTesting.ParametrizationTesting" time="5.814" errors="0" timestamp="2023-01-21T22:23:23 IST" skipped="0">
  <testcase classname="DataDTesting.ParametrizationTesting" name="parametrization" time="5.814"/>
  <system-out/>
</testsuite> <!-- DataDTesting.ParametrizationTesting -->
